# project  configured on Fri Feb 24 00:32:42 2017 by
# waf 1.6.11 (abi 98, python 2070df0 on darwin)
# using ../waf configure
#
----------------------------------------
Setting top to
/Users/richardwieditz/Documents/code/real_time_chart
----------------------------------------
Setting out to
/Users/richardwieditz/Documents/code/real_time_chart/build
----------------------------------------
Checking for 'gcc' (c compiler)
find program=['gcc', 'cc'] paths=['/Users/richardwieditz/.rvm/gems/ruby-2.2.1/bin', '/Users/richardwieditz/.rvm/gems/ruby-2.2.1@global/bin', '/Users/richardwieditz/.rvm/rubies/ruby-2.2.1/bin', '/usr/local/bin', '/usr/bin', '/bin', '/usr/sbin', '/sbin', '/Users/richardwieditz/.composer/vendor/bin', '/opt/X11/bin', '/Users/richardwieditz/.rvm/bin'] var='CC' -> '/usr/bin/gcc'
find program=['ar'] paths=['/Users/richardwieditz/.rvm/gems/ruby-2.2.1/bin', '/Users/richardwieditz/.rvm/gems/ruby-2.2.1@global/bin', '/Users/richardwieditz/.rvm/rubies/ruby-2.2.1/bin', '/usr/local/bin', '/usr/bin', '/bin', '/usr/sbin', '/sbin', '/Users/richardwieditz/.composer/vendor/bin', '/opt/X11/bin', '/Users/richardwieditz/.rvm/bin'] var='AR' -> '/usr/bin/ar'
/usr/bin/gcc
----------------------------------------
Checking for program pkg-config
/usr/local/bin/pkg-config
find program=['pkg-config'] paths=['/Users/richardwieditz/.rvm/gems/ruby-2.2.1/bin', '/Users/richardwieditz/.rvm/gems/ruby-2.2.1@global/bin', '/Users/richardwieditz/.rvm/rubies/ruby-2.2.1/bin', '/usr/local/bin', '/usr/bin', '/bin', '/usr/sbin', '/sbin', '/Users/richardwieditz/.composer/vendor/bin', '/opt/X11/bin', '/Users/richardwieditz/.rvm/bin'] var='PKGCONFIG' -> '/usr/local/bin/pkg-config'
----------------------------------------
Checking for 'gtk+-3.0'
['/usr/local/bin/pkg-config', 'gtk+-3.0', '--cflags', '--libs']
out: -D_REENTRANT -I/usr/local/Cellar/gtk+3/3.22.8/include/gtk-3.0 -I/usr/local/Cellar/glib/2.50.3/include/gio-unix-2.0/ -I/usr/local/Cellar/cairo/1.14.8/include/cairo -I/usr/local/Cellar/libepoxy/1.4.0/include -I/usr/local/Cellar/pango/1.40.3/include/pango-1.0 -I/usr/local/Cellar/harfbuzz/1.4.2/include/harfbuzz -I/usr/local/Cellar/pango/1.40.3/include/pango-1.0 -I/usr/local/Cellar/atk/2.22.0/include/atk-1.0 -I/usr/local/Cellar/cairo/1.14.8/include/cairo -I/usr/local/Cellar/pixman/0.34.0/include/pixman-1 -I/usr/local/Cellar/fontconfig/2.12.1_2/include -I/usr/local/opt/freetype/include/freetype2 -I/usr/local/Cellar/libpng/1.6.28/include/libpng16 -I/usr/local/Cellar/gdk-pixbuf/2.36.2/include/gdk-pixbuf-2.0 -I/usr/local/Cellar/libpng/1.6.28/include/libpng16 -I/usr/local/Cellar/glib/2.50.3/include/glib-2.0 -I/usr/local/Cellar/glib/2.50.3/lib/glib-2.0/include -I/usr/local/opt/gettext/include -I/usr/local/Cellar/pcre/8.39/include -L/usr/local/Cellar/gtk+3/3.22.8/lib -L/usr/local/Cellar/pango/1.40.3/lib -L/usr/local/Cellar/atk/2.22.0/lib -L/usr/local/Cellar/cairo/1.14.8/lib -L/usr/local/Cellar/gdk-pixbuf/2.36.2/lib -L/usr/local/Cellar/glib/2.50.3/lib -L/usr/local/opt/gettext/lib -lgtk-3 -lgdk-3 -lpangocairo-1.0 -lpango-1.0 -latk-1.0 -lcairo-gobject -lcairo -lgdk_pixbuf-2.0 -lgio-2.0 -lgobject-2.0 -lglib-2.0 -lintl

yes
